[debug] [2021-06-11T17:24:30.321Z] ----------------------------------------------------------------------
[debug] [2021-06-11T17:24:30.324Z] Command:       /usr/bin/node /usr/local/bin/firebase init
[debug] [2021-06-11T17:24:30.325Z] CLI Version:   9.12.1
[debug] [2021-06-11T17:24:30.325Z] Platform:      linux
[debug] [2021-06-11T17:24:30.325Z] Node Version:  v10.24.0
[debug] [2021-06-11T17:24:30.325Z] Time:          Fri Jun 11 2021 12:24:30 GMT-0500 (Central Daylight Time)
[debug] [2021-06-11T17:24:30.325Z] ----------------------------------------------------------------------
[debug] 
[debug] [2021-06-11T17:24:30.334Z] > command requires scopes: ["email","openid","https://www.googleapis.com/auth/cloudplatformprojects.readonly","https://www.googleapis.com/auth/firebase","https://www.googleapis.com/auth/cloud-platform"]
[debug] [2021-06-11T17:24:30.334Z] > authorizing via signed-in user (derekhawkins.tech@gmail.com)
[info] 
     ######## #### ########  ######## ########     ###     ######  ########
     ##        ##  ##     ## ##       ##     ##  ##   ##  ##       ##
     ######    ##  ########  ######   ########  #########  ######  ######
     ##        ##  ##    ##  ##       ##     ## ##     ##       ## ##
     ##       #### ##     ## ######## ########  ##     ##  ######  ########

You're about to initialize a Firebase project in this directory:

  /home/derek/Development/zara_consulting/apps/t2g/t2g-cms/frontend

Before we get started, keep in mind:

  * You are initializing in an existing Firebase project directory

[info] 
=== Project Setup
[info] 
[info] First, let's associate this project directory with a Firebase project.
[info] You can create multiple project aliases by running firebase use --add, 
[info] but for now we'll just set up a default project.
[info] 
[info] i  .firebaserc already has a default project, using t2g-dashboard. 
[debug] [2021-06-11T17:26:17.822Z] >>> [apiv2][query] GET https://firebase.googleapis.com/v1beta1/projects/t2g-dashboard [none]
[debug] [2021-06-11T17:26:18.215Z] <<< [apiv2][status] GET https://firebase.googleapis.com/v1beta1/projects/t2g-dashboard 403
[debug] [2021-06-11T17:26:18.215Z] <<< [apiv2][body] GET https://firebase.googleapis.com/v1beta1/projects/t2g-dashboard {"error":{"code":403,"message":"The caller does not have permission","status":"PERMISSION_DENIED"}}
[debug] [2021-06-11T17:26:18.217Z] HTTP Error: 403, The caller does not have permission
[debug] [2021-06-11T17:26:18.219Z] FirebaseError: HTTP Error: 403, The caller does not have permission
    at module.exports (/usr/local/lib/node_modules/firebase-tools/lib/responseToError.js:38:12)
    at Client.doRequest (/usr/local/lib/node_modules/firebase-tools/lib/apiv2.js:238:23)
    at process._tickCallback (internal/process/next_tick.js:68:7)
[error] 
[error] Error: Failed to get Firebase project t2g-dashboard. Please make sure the project exists and your account has permission to access it.
